<?xml version="1.0" encoding="UTF-8"?>
<!-- Generated by org.testng.reporters.JUnitXMLReporter -->
<testsuite hostname="DESKTOP-21OOJI8" name="Default test" tests="5" failures="0" timestamp="10 Jan 2018 01:14:48 GMT" time="7.854" errors="0">
  <testcase name="UnderTest" time="6.163" classname="testCases.HybridTestCase"/>
  <testcase name="UnderTest" time="0.093" classname="testCases.HybridTestCase"/>
  <testcase name="UnderTest" time="0.202" classname="testCases.HybridTestCase"/>
  <testcase name="UnderTest" time="0.816" classname="testCases.HybridTestCase"/>
  <testcase name="UnderTest" time="0.156" classname="testCases.HybridTestCase"/>
</testsuite> <!-- Default test -->
